Determining if the pthread_create exist failed with the following output:
Change Dir: /home/elyas/Desktop/Programmiersprachen/Arbeiten/Aufgabe2/programmiersprachen-aufgabenblatt-3/CMakeFiles/CMakeTmp

Run Build Command:"/usr/bin/make" "cmTC_7718d/fast"
/usr/bin/make -f CMakeFiles/cmTC_7718d.dir/build.make CMakeFiles/cmTC_7718d.dir/build
make[1]: Entering directory '/home/elyas/Desktop/Programmiersprachen/Arbeiten/Aufgabe2/programmiersprachen-aufgabenblatt-3/CMakeFiles/CMakeTmp'
Building C object CMakeFiles/cmTC_7718d.dir/CheckSymbolExists.c.o
/usr/bin/cc     -o CMakeFiles/cmTC_7718d.dir/CheckSymbolExists.c.o   -c /home/elyas/Desktop/Programmiersprachen/Arbeiten/Aufgabe2/programmiersprachen-aufgabenblatt-3/CMakeFiles/CMakeTmp/CheckSymbolExists.c
Linking C executable cmTC_7718d
/usr/bin/cmake -E cmake_link_script CMakeFiles/cmTC_7718d.dir/link.txt --verbose=1
/usr/bin/cc       CMakeFiles/cmTC_7718d.dir/CheckSymbolExists.c.o  -o cmTC_7718d -rdynamic 
CMakeFiles/cmTC_7718d.dir/CheckSymbolExists.c.o: In function `main':
CheckSymbolExists.c:(.text+0x16): undefined reference to `pthread_create'
collect2: error: ld returned 1 exit status
CMakeFiles/cmTC_7718d.dir/build.make:97: recipe for target 'cmTC_7718d' failed
make[1]: *** [cmTC_7718d] Error 1
make[1]: Leaving directory '/home/elyas/Desktop/Programmiersprachen/Arbeiten/Aufgabe2/programmiersprachen-aufgabenblatt-3/CMakeFiles/CMakeTmp'
Makefile:126: recipe for target 'cmTC_7718d/fast' failed
make: *** [cmTC_7718d/fast] Error 2

File /home/elyas/Desktop/Programmiersprachen/Arbeiten/Aufgabe2/programmiersprachen-aufgabenblatt-3/CMakeFiles/CMakeTmp/CheckSymbolExists.c:
/* */
#include <pthread.h>

int main(int argc, char** argv)
{
  (void)argv;
#ifndef pthread_create
  return ((int*)(&pthread_create))[argc];
#else
  (void)argc;
  return 0;
#endif
}

Determining if the function pthread_create exists in the pthreads failed with the following output:
Change Dir: /home/elyas/Desktop/Programmiersprachen/Arbeiten/Aufgabe2/programmiersprachen-aufgabenblatt-3/CMakeFiles/CMakeTmp

Run Build Command:"/usr/bin/make" "cmTC_05a4a/fast"
/usr/bin/make -f CMakeFiles/cmTC_05a4a.dir/build.make CMakeFiles/cmTC_05a4a.dir/build
make[1]: Entering directory '/home/elyas/Desktop/Programmiersprachen/Arbeiten/Aufgabe2/programmiersprachen-aufgabenblatt-3/CMakeFiles/CMakeTmp'
Building C object CMakeFiles/cmTC_05a4a.dir/CheckFunctionExists.c.o
/usr/bin/cc    -DCHECK_FUNCTION_EXISTS=pthread_create   -o CMakeFiles/cmTC_05a4a.dir/CheckFunctionExists.c.o   -c /usr/share/cmake-3.5/Modules/CheckFunctionExists.c
Linking C executable cmTC_05a4a
/usr/bin/cmake -E cmake_link_script CMakeFiles/cmTC_05a4a.dir/link.txt --verbose=1
/usr/bin/cc   -DCHECK_FUNCTION_EXISTS=pthread_create    CMakeFiles/cmTC_05a4a.dir/CheckFunctionExists.c.o  -o cmTC_05a4a -rdynamic -lpthreads 
/usr/bin/ld: cannot find -lpthreads
collect2: error: ld returned 1 exit status
CMakeFiles/cmTC_05a4a.dir/build.make:97: recipe for target 'cmTC_05a4a' failed
make[1]: *** [cmTC_05a4a] Error 1
make[1]: Leaving directory '/home/elyas/Desktop/Programmiersprachen/Arbeiten/Aufgabe2/programmiersprachen-aufgabenblatt-3/CMakeFiles/CMakeTmp'
Makefile:126: recipe for target 'cmTC_05a4a/fast' failed
make: *** [cmTC_05a4a/fast] Error 2


